<?xml version="1.0" encoding="UTF-8"?>
<coverage generated="1520320106302" clover="3.2.0">
  <project timestamp="1520320106302" name="All files">
    <metrics statements="52" coveredstatements="48" conditionals="13" coveredconditionals="8" methods="11" coveredmethods="11" elements="76" coveredelements="67" complexity="0" loc="52" ncloc="52" packages="3" files="5" classes="5">
      <package name="models">
        <metrics statements="25" coveredstatements="23" conditionals="9" coveredconditionals="6" methods="5" coveredmethods="5"/>
        <file name="index.js" path="/Users/surabhigupta/url-shortener/models/index.js">
          <metrics statements="20" coveredstatements="18" conditionals="9" coveredconditionals="6" methods="3" coveredmethods="3"/>
          <line num="3" count="2" type="stmt"/>
          <line num="4" count="2" type="stmt"/>
          <line num="5" count="2" type="stmt"/>
          <line num="7" count="2" type="stmt"/>
          <line num="8" count="2" type="cond" truecount="1" falsecount="1"/>
          <line num="9" count="2" type="stmt"/>
          <line num="10" count="2" type="stmt"/>
          <line num="12" count="2" type="cond" truecount="1" falsecount="1"/>
          <line num="13" count="0" type="stmt"/>
          <line num="15" count="2" type="stmt"/>
          <line num="18" count="2" type="stmt"/>
          <line num="20" count="4" type="cond" truecount="3" falsecount="0"/>
          <line num="22" count="2" type="stmt"/>
          <line num="23" count="2" type="stmt"/>
          <line num="26" count="2" type="stmt"/>
          <line num="27" count="2" type="cond" truecount="1" falsecount="1"/>
          <line num="28" count="0" type="stmt"/>
          <line num="32" count="2" type="stmt"/>
          <line num="33" count="2" type="stmt"/>
          <line num="35" count="2" type="stmt"/>
        </file>
        <file name="urls.js" path="/Users/surabhigupta/url-shortener/models/urls.js">
          <metrics statements="5" coveredstatements="5" conditionals="0" coveredconditionals="0" methods="2" coveredmethods="2"/>
          <line num="3" count="2" type="stmt"/>
          <line num="4" count="2" type="stmt"/>
          <line num="12" count="2" type="stmt"/>
          <line num="13" count="4" type="stmt"/>
          <line num="14" count="2" type="stmt"/>
        </file>
      </package>
      <package name="src.helpers">
        <metrics statements="11" coveredstatements="11" conditionals="0" coveredconditionals="0" methods="2" coveredmethods="2"/>
        <file name="createShortUrl.js" path="/Users/surabhigupta/url-shortener/src/helpers/createShortUrl.js">
          <metrics statements="6" coveredstatements="6" conditionals="0" coveredconditionals="0" methods="1" coveredmethods="1"/>
          <line num="1" count="1" type="stmt"/>
          <line num="3" count="1" type="stmt"/>
          <line num="4" count="3" type="stmt"/>
          <line num="5" count="3" type="stmt"/>
          <line num="6" count="3" type="stmt"/>
          <line num="8" count="1" type="stmt"/>
        </file>
        <file name="generateHash.js" path="/Users/surabhigupta/url-shortener/src/helpers/generateHash.js">
          <metrics statements="5" coveredstatements="5" conditionals="0" coveredconditionals="0" methods="1" coveredmethods="1"/>
          <line num="1" count="2" type="stmt"/>
          <line num="3" count="2" type="stmt"/>
          <line num="4" count="4" type="stmt"/>
          <line num="5" count="4" type="stmt"/>
          <line num="7" count="2" type="stmt"/>
        </file>
      </package>
      <package name="src.lib">
        <metrics statements="16" coveredstatements="14" conditionals="4" coveredconditionals="2" methods="4" coveredmethods="4"/>
        <file name="createURL.js" path="/Users/surabhigupta/url-shortener/src/lib/createURL.js">
          <metrics statements="16" coveredstatements="14" conditionals="4" coveredconditionals="2" methods="4" coveredmethods="4"/>
          <line num="1" count="1" type="stmt"/>
          <line num="2" count="1" type="stmt"/>
          <line num="4" count="1" type="stmt"/>
          <line num="5" count="1" type="stmt"/>
          <line num="6" count="1" type="stmt"/>
          <line num="7" count="1" type="stmt"/>
          <line num="8" count="1" type="cond" truecount="2" falsecount="2"/>
          <line num="9" count="0" type="stmt"/>
          <line num="10" count="0" type="stmt"/>
          <line num="12" count="1" type="stmt"/>
          <line num="16" count="1" type="stmt"/>
          <line num="17" count="1" type="stmt"/>
          <line num="18" count="1" type="stmt"/>
          <line num="19" count="1" type="stmt"/>
          <line num="20" count="1" type="stmt"/>
          <line num="23" count="1" type="stmt"/>
        </file>
      </package>
    </metrics>
  </project>
</coverage>
