{"/Users/surabhigupta/url-shortener/models/index.js": {"path":"/Users/surabhigupta/url-shortener/models/index.js","statementMap":{"0":{"start":{"line":3,"column":11},"end":{"line":3,"column":24}},"1":{"start":{"line":4,"column":13},"end":{"line":4,"column":28}},"2":{"start":{"line":5,"column":18},"end":{"line":5,"column":38}},"3":{"start":{"line":7,"column":17},"end":{"line":7,"column":42}},"4":{"start":{"line":8,"column":12},"end":{"line":8,"column":49}},"5":{"start":{"line":9,"column":15},"end":{"line":9,"column":65}},"6":{"start":{"line":10,"column":11},"end":{"line":10,"column":13}},"7":{"start":{"line":12,"column":0},"end":{"line":16,"column":1}},"8":{"start":{"line":13,"column":18},"end":{"line":13,"column":77}},"9":{"start":{"line":15,"column":18},"end":{"line":15,"column":90}},"10":{"start":{"line":18,"column":0},"end":{"line":24,"column":5}},"11":{"start":{"line":20,"column":18},"end":{"line":20,"column":96}},"12":{"start":{"line":22,"column":18},"end":{"line":22,"column":62}},"13":{"start":{"line":23,"column":4},"end":{"line":23,"column":27}},"14":{"start":{"line":26,"column":0},"end":{"line":30,"column":3}},"15":{"start":{"line":27,"column":2},"end":{"line":29,"column":3}},"16":{"start":{"line":28,"column":4},"end":{"line":28,"column":32}},"17":{"start":{"line":32,"column":0},"end":{"line":32,"column":25}},"18":{"start":{"line":33,"column":0},"end":{"line":33,"column":25}},"19":{"start":{"line":35,"column":0},"end":{"line":35,"column":20}}},"fnMap":{"0":{"name":"(anonymous_0)","decl":{"start":{"line":20,"column":10},"end":{"line":20,"column":11}},"loc":{"start":{"line":20,"column":18},"end":{"line":20,"column":96}},"line":20},"1":{"name":"(anonymous_1)","decl":{"start":{"line":21,"column":11},"end":{"line":21,"column":12}},"loc":{"start":{"line":21,"column":21},"end":{"line":24,"column":3}},"line":21},"2":{"name":"(anonymous_2)","decl":{"start":{"line":26,"column":24},"end":{"line":26,"column":25}},"loc":{"start":{"line":26,"column":39},"end":{"line":30,"column":1}},"line":26}},"branchMap":{"0":{"loc":{"start":{"line":8,"column":12},"end":{"line":8,"column":49}},"type":"binary-expr","locations":[{"start":{"line":8,"column":12},"end":{"line":8,"column":32}},{"start":{"line":8,"column":36},"end":{"line":8,"column":49}}],"line":8},"1":{"loc":{"start":{"line":12,"column":0},"end":{"line":16,"column":1}},"type":"if","locations":[{"start":{"line":12,"column":0},"end":{"line":16,"column":1}},{"start":{"line":12,"column":0},"end":{"line":16,"column":1}}],"line":12},"2":{"loc":{"start":{"line":20,"column":18},"end":{"line":20,"column":96}},"type":"binary-expr","locations":[{"start":{"line":20,"column":19},"end":{"line":20,"column":42}},{"start":{"line":20,"column":48},"end":{"line":20,"column":65}},{"start":{"line":20,"column":71},"end":{"line":20,"column":95}}],"line":20},"3":{"loc":{"start":{"line":27,"column":2},"end":{"line":29,"column":3}},"type":"if","locations":[{"start":{"line":27,"column":2},"end":{"line":29,"column":3}},{"start":{"line":27,"column":2},"end":{"line":29,"column":3}}],"line":27}},"s":{"0":4,"1":4,"2":4,"3":4,"4":4,"5":4,"6":4,"7":4,"8":0,"9":4,"10":4,"11":8,"12":4,"13":4,"14":4,"15":4,"16":0,"17":4,"18":4,"19":4},"f":{"0":8,"1":4,"2":4},"b":{"0":[4,0],"1":[0,4],"2":[8,8,4],"3":[0,4]},"_coverageSchema":"332fd63041d2c1bcb487cc26dd0d5f7d97098a6c","hash":"9890a8a94ee37f817278f40b4358b8ec7a79e651"}
,"/Users/surabhigupta/url-shortener/models/urls.js": {"path":"/Users/surabhigupta/url-shortener/models/urls.js","statementMap":{"0":{"start":{"line":2,"column":20},"end":{"line":2,"column":60}},"1":{"start":{"line":4,"column":18},"end":{"line":4,"column":19}},"2":{"start":{"line":5,"column":0},"end":{"line":38,"column":2}},"3":{"start":{"line":6,"column":15},"end":{"line":12,"column":8}},"4":{"start":{"line":13,"column":2},"end":{"line":14,"column":70}},"5":{"start":{"line":14,"column":4},"end":{"line":14,"column":69}},"6":{"start":{"line":15,"column":2},"end":{"line":36,"column":4}},"7":{"start":{"line":16,"column":21},"end":{"line":16,"column":23}},"8":{"start":{"line":17,"column":4},"end":{"line":34,"column":5}},"9":{"start":{"line":18,"column":22},"end":{"line":18,"column":46}},"10":{"start":{"line":19,"column":21},"end":{"line":19,"column":23}},"11":{"start":{"line":20,"column":17},"end":{"line":20,"column":18}},"12":{"start":{"line":21,"column":6},"end":{"line":33,"column":7}},"13":{"start":{"line":22,"column":8},"end":{"line":22,"column":79}},"14":{"start":{"line":23,"column":8},"end":{"line":32,"column":9}},"15":{"start":{"line":24,"column":10},"end":{"line":24,"column":53}},"16":{"start":{"line":25,"column":10},"end":{"line":25,"column":16}},"17":{"start":{"line":27,"column":10},"end":{"line":27,"column":33}},"18":{"start":{"line":28,"column":10},"end":{"line":31,"column":11}},"19":{"start":{"line":29,"column":12},"end":{"line":29,"column":21}},"20":{"start":{"line":30,"column":12},"end":{"line":30,"column":18}},"21":{"start":{"line":35,"column":4},"end":{"line":35,"column":35}},"22":{"start":{"line":37,"column":2},"end":{"line":37,"column":14}}},"fnMap":{"0":{"name":"(anonymous_0)","decl":{"start":{"line":5,"column":17},"end":{"line":5,"column":18}},"loc":{"start":{"line":5,"column":43},"end":{"line":38,"column":1}},"line":5},"1":{"name":"(anonymous_1)","decl":{"start":{"line":13,"column":22},"end":{"line":13,"column":23}},"loc":{"start":{"line":14,"column":4},"end":{"line":14,"column":69}},"line":14},"2":{"name":"(anonymous_2)","decl":{"start":{"line":15,"column":21},"end":{"line":15,"column":22}},"loc":{"start":{"line":15,"column":27},"end":{"line":36,"column":3}},"line":15}},"branchMap":{"0":{"loc":{"start":{"line":23,"column":8},"end":{"line":32,"column":9}},"type":"if","locations":[{"start":{"line":23,"column":8},"end":{"line":32,"column":9}},{"start":{"line":23,"column":8},"end":{"line":32,"column":9}}],"line":23},"1":{"loc":{"start":{"line":28,"column":10},"end":{"line":31,"column":11}},"type":"if","locations":[{"start":{"line":28,"column":10},"end":{"line":31,"column":11}},{"start":{"line":28,"column":10},"end":{"line":31,"column":11}}],"line":28}},"s":{"0":4,"1":4,"2":4,"3":4,"4":4,"5":8,"6":4,"7":0,"8":0,"9":0,"10":0,"11":0,"12":0,"13":0,"14":0,"15":0,"16":0,"17":0,"18":0,"19":0,"20":0,"21":0,"22":4},"f":{"0":4,"1":8,"2":0},"b":{"0":[0,0],"1":[0,0]},"_coverageSchema":"332fd63041d2c1bcb487cc26dd0d5f7d97098a6c","hash":"1ffe423dadbac8cf33ed4bcafbd411529671236b"}
,"/Users/surabhigupta/url-shortener/src/helpers/createShortUrl.js": {"path":"/Users/surabhigupta/url-shortener/src/helpers/createShortUrl.js","statementMap":{"0":{"start":{"line":1,"column":21},"end":{"line":1,"column":46}},"1":{"start":{"line":3,"column":23},"end":{"line":7,"column":1}},"2":{"start":{"line":4,"column":15},"end":{"line":4,"column":36}},"3":{"start":{"line":5,"column":19},"end":{"line":5,"column":45}},"4":{"start":{"line":6,"column":2},"end":{"line":6,"column":18}},"5":{"start":{"line":8,"column":0},"end":{"line":8,"column":36}}},"fnMap":{"0":{"name":"(anonymous_0)","decl":{"start":{"line":3,"column":23},"end":{"line":3,"column":24}},"loc":{"start":{"line":3,"column":48},"end":{"line":7,"column":1}},"line":3}},"branchMap":{},"s":{"0":5,"1":5,"2":5,"3":5,"4":5,"5":5},"f":{"0":5},"b":{},"_coverageSchema":"332fd63041d2c1bcb487cc26dd0d5f7d97098a6c","hash":"46cb0974480681ce309fbd5655e895d27f33404f"}
,"/Users/surabhigupta/url-shortener/src/helpers/generateHash.js": {"path":"/Users/surabhigupta/url-shortener/src/helpers/generateHash.js","statementMap":{"0":{"start":{"line":1,"column":18},"end":{"line":1,"column":39}},"1":{"start":{"line":3,"column":21},"end":{"line":6,"column":1}},"2":{"start":{"line":4,"column":15},"end":{"line":4,"column":53}},"3":{"start":{"line":5,"column":2},"end":{"line":5,"column":14}},"4":{"start":{"line":7,"column":0},"end":{"line":7,"column":30}}},"fnMap":{"0":{"name":"(anonymous_0)","decl":{"start":{"line":3,"column":21},"end":{"line":3,"column":22}},"loc":{"start":{"line":3,"column":34},"end":{"line":6,"column":1}},"line":3}},"branchMap":{},"s":{"0":5,"1":5,"2":9,"3":9,"4":5},"f":{"0":9},"b":{},"_coverageSchema":"332fd63041d2c1bcb487cc26dd0d5f7d97098a6c","hash":"cc38e0497c15af6d1967a114504a06ab41f35422"}
,"/Users/surabhigupta/url-shortener/src/lib/createUrlandInsert.js": {"path":"/Users/surabhigupta/url-shortener/src/lib/createUrlandInsert.js","statementMap":{"0":{"start":{"line":1,"column":15},"end":{"line":1,"column":38}},"1":{"start":{"line":2,"column":21},"end":{"line":2,"column":55}},"2":{"start":{"line":3,"column":20},"end":{"line":3,"column":56}},"3":{"start":{"line":5,"column":18},"end":{"line":5,"column":19}},"4":{"start":{"line":6,"column":24},"end":{"line":17,"column":1}},"5":{"start":{"line":7,"column":19},"end":{"line":7,"column":80}},"6":{"start":{"line":8,"column":2},"end":{"line":8,"column":40}},"7":{"start":{"line":9,"column":2},"end":{"line":9,"column":24}},"8":{"start":{"line":10,"column":2},"end":{"line":16,"column":5}},"9":{"start":{"line":11,"column":4},"end":{"line":14,"column":5}},"10":{"start":{"line":12,"column":6},"end":{"line":12,"column":38}},"11":{"start":{"line":13,"column":6},"end":{"line":13,"column":55}},"12":{"start":{"line":15,"column":4},"end":{"line":15,"column":33}},"13":{"start":{"line":19,"column":27},"end":{"line":24,"column":1}},"14":{"start":{"line":20,"column":15},"end":{"line":20,"column":36}},"15":{"start":{"line":21,"column":16},"end":{"line":21,"column":17}},"16":{"start":{"line":22,"column":27},"end":{"line":22,"column":64}},"17":{"start":{"line":23,"column":2},"end":{"line":23,"column":49}},"18":{"start":{"line":23,"column":41},"end":{"line":23,"column":47}},"19":{"start":{"line":26,"column":0},"end":{"line":26,"column":36}}},"fnMap":{"0":{"name":"(anonymous_0)","decl":{"start":{"line":6,"column":24},"end":{"line":6,"column":25}},"loc":{"start":{"line":6,"column":50},"end":{"line":17,"column":1}},"line":6},"1":{"name":"(anonymous_1)","decl":{"start":{"line":10,"column":60},"end":{"line":10,"column":61}},"loc":{"start":{"line":10,"column":84},"end":{"line":16,"column":3}},"line":10},"2":{"name":"(anonymous_2)","decl":{"start":{"line":19,"column":27},"end":{"line":19,"column":28}},"loc":{"start":{"line":19,"column":40},"end":{"line":24,"column":1}},"line":19},"3":{"name":"(anonymous_3)","decl":{"start":{"line":23,"column":31},"end":{"line":23,"column":32}},"loc":{"start":{"line":23,"column":41},"end":{"line":23,"column":47}},"line":23}},"branchMap":{"0":{"loc":{"start":{"line":11,"column":4},"end":{"line":14,"column":5}},"type":"if","locations":[{"start":{"line":11,"column":4},"end":{"line":14,"column":5}},{"start":{"line":11,"column":4},"end":{"line":14,"column":5}}],"line":11},"1":{"loc":{"start":{"line":11,"column":8},"end":{"line":11,"column":58}},"type":"binary-expr","locations":[{"start":{"line":11,"column":8},"end":{"line":11,"column":25}},{"start":{"line":11,"column":29},"end":{"line":11,"column":58}}],"line":11}},"s":{"0":3,"1":3,"2":3,"3":3,"4":3,"5":5,"6":5,"7":5,"8":5,"9":5,"10":1,"11":1,"12":4,"13":3,"14":4,"15":4,"16":4,"17":4,"18":4,"19":3},"f":{"0":5,"1":5,"2":4,"3":4},"b":{"0":[1,4],"1":[5,1]},"_coverageSchema":"332fd63041d2c1bcb487cc26dd0d5f7d97098a6c","hash":"39e38881359230c971c6f37b9459f33d0fa6c45d"}
,"/Users/surabhigupta/url-shortener/src/redis/redis.js": {"path":"/Users/surabhigupta/url-shortener/src/redis/redis.js","statementMap":{"0":{"start":{"line":1,"column":14},"end":{"line":1,"column":30}},"1":{"start":{"line":3,"column":20},"end":{"line":3,"column":73}},"2":{"start":{"line":5,"column":0},"end":{"line":5,"column":29}}},"fnMap":{},"branchMap":{},"s":{"0":2,"1":2,"2":2},"f":{},"b":{},"_coverageSchema":"332fd63041d2c1bcb487cc26dd0d5f7d97098a6c","hash":"5ba92dc73b64b520e22cb4d1e26d43a3b4e9845b"}
,"/Users/surabhigupta/url-shortener/src/solution/server.js": {"path":"/Users/surabhigupta/url-shortener/src/solution/server.js","statementMap":{"0":{"start":{"line":1,"column":13},"end":{"line":1,"column":28}},"1":{"start":{"line":2,"column":13},"end":{"line":2,"column":28}},"2":{"start":{"line":4,"column":15},"end":{"line":4,"column":32}},"3":{"start":{"line":5,"column":15},"end":{"line":5,"column":43}},"4":{"start":{"line":7,"column":0},"end":{"line":10,"column":3}},"5":{"start":{"line":11,"column":0},"end":{"line":31,"column":3}},"6":{"start":{"line":28,"column":2},"end":{"line":30,"column":3}},"7":{"start":{"line":29,"column":4},"end":{"line":29,"column":14}},"8":{"start":{"line":32,"column":0},"end":{"line":32,"column":25}},"9":{"start":{"line":34,"column":0},"end":{"line":41,"column":1}},"10":{"start":{"line":35,"column":2},"end":{"line":40,"column":5}},"11":{"start":{"line":36,"column":4},"end":{"line":38,"column":5}},"12":{"start":{"line":37,"column":6},"end":{"line":37,"column":16}},"13":{"start":{"line":39,"column":4},"end":{"line":39,"column":34}},"14":{"start":{"line":42,"column":0},"end":{"line":42,"column":24}}},"fnMap":{"0":{"name":"(anonymous_0)","decl":{"start":{"line":27,"column":3},"end":{"line":27,"column":4}},"loc":{"start":{"line":27,"column":12},"end":{"line":31,"column":1}},"line":27},"1":{"name":"(anonymous_1)","decl":{"start":{"line":35,"column":15},"end":{"line":35,"column":16}},"loc":{"start":{"line":35,"column":24},"end":{"line":40,"column":3}},"line":35}},"branchMap":{"0":{"loc":{"start":{"line":28,"column":2},"end":{"line":30,"column":3}},"type":"if","locations":[{"start":{"line":28,"column":2},"end":{"line":30,"column":3}},{"start":{"line":28,"column":2},"end":{"line":30,"column":3}}],"line":28},"1":{"loc":{"start":{"line":34,"column":0},"end":{"line":41,"column":1}},"type":"if","locations":[{"start":{"line":34,"column":0},"end":{"line":41,"column":1}},{"start":{"line":34,"column":0},"end":{"line":41,"column":1}}],"line":34},"2":{"loc":{"start":{"line":36,"column":4},"end":{"line":38,"column":5}},"type":"if","locations":[{"start":{"line":36,"column":4},"end":{"line":38,"column":5}},{"start":{"line":36,"column":4},"end":{"line":38,"column":5}}],"line":36}},"s":{"0":2,"1":2,"2":2,"3":2,"4":2,"5":2,"6":2,"7":0,"8":2,"9":2,"10":0,"11":0,"12":0,"13":0,"14":2},"f":{"0":2,"1":0},"b":{"0":[0,2],"1":[0,2],"2":[0,0]},"_coverageSchema":"332fd63041d2c1bcb487cc26dd0d5f7d97098a6c","hash":"7ee803db9668f0fc61023aef21c318836735d403"}
,"/Users/surabhigupta/url-shortener/src/solution/routes/api.js": {"path":"/Users/surabhigupta/url-shortener/src/solution/routes/api.js","statementMap":{"0":{"start":{"line":1,"column":27},"end":{"line":1,"column":66}},"1":{"start":{"line":2,"column":14},"end":{"line":2,"column":40}},"2":{"start":{"line":3,"column":20},"end":{"line":3,"column":55}},"3":{"start":{"line":5,"column":0},"end":{"line":54,"column":2}},"4":{"start":{"line":10,"column":26},"end":{"line":10,"column":41}},"5":{"start":{"line":11,"column":6},"end":{"line":13,"column":9}},"6":{"start":{"line":12,"column":8},"end":{"line":12,"column":38}},"7":{"start":{"line":20,"column":27},"end":{"line":20,"column":40}},"8":{"start":{"line":21,"column":6},"end":{"line":44,"column":9}},"9":{"start":{"line":22,"column":8},"end":{"line":43,"column":9}},"10":{"start":{"line":23,"column":10},"end":{"line":23,"column":49}},"11":{"start":{"line":25,"column":10},"end":{"line":42,"column":13}},"12":{"start":{"line":28,"column":12},"end":{"line":28,"column":38}},"13":{"start":{"line":29,"column":12},"end":{"line":41,"column":13}},"14":{"start":{"line":30,"column":14},"end":{"line":30,"column":35}},"15":{"start":{"line":31,"column":14},"end":{"line":37,"column":17}},"16":{"start":{"line":32,"column":16},"end":{"line":36,"column":17}},"17":{"start":{"line":33,"column":18},"end":{"line":33,"column":51}},"18":{"start":{"line":35,"column":18},"end":{"line":35,"column":35}},"19":{"start":{"line":38,"column":14},"end":{"line":38,"column":70}},"20":{"start":{"line":40,"column":14},"end":{"line":40,"column":83}},"21":{"start":{"line":51,"column":6},"end":{"line":51,"column":20}}},"fnMap":{"0":{"name":"(anonymous_0)","decl":{"start":{"line":9,"column":13},"end":{"line":9,"column":14}},"loc":{"start":{"line":9,"column":36},"end":{"line":14,"column":5}},"line":9},"1":{"name":"(anonymous_1)","decl":{"start":{"line":11,"column":39},"end":{"line":11,"column":40}},"loc":{"start":{"line":11,"column":51},"end":{"line":13,"column":7}},"line":11},"2":{"name":"(anonymous_2)","decl":{"start":{"line":21,"column":41},"end":{"line":21,"column":42}},"loc":{"start":{"line":21,"column":63},"end":{"line":44,"column":7}},"line":21},"3":{"name":"(anonymous_3)","decl":{"start":{"line":27,"column":18},"end":{"line":27,"column":19}},"loc":{"start":{"line":27,"column":27},"end":{"line":42,"column":11}},"line":27},"4":{"name":"(anonymous_4)","decl":{"start":{"line":31,"column":62},"end":{"line":31,"column":63}},"loc":{"start":{"line":31,"column":77},"end":{"line":37,"column":15}},"line":31}},"branchMap":{"0":{"loc":{"start":{"line":22,"column":8},"end":{"line":43,"column":9}},"type":"if","locations":[{"start":{"line":22,"column":8},"end":{"line":43,"column":9}},{"start":{"line":22,"column":8},"end":{"line":43,"column":9}}],"line":22},"1":{"loc":{"start":{"line":29,"column":12},"end":{"line":41,"column":13}},"type":"if","locations":[{"start":{"line":29,"column":12},"end":{"line":41,"column":13}},{"start":{"line":29,"column":12},"end":{"line":41,"column":13}}],"line":29},"2":{"loc":{"start":{"line":32,"column":16},"end":{"line":36,"column":17}},"type":"if","locations":[{"start":{"line":32,"column":16},"end":{"line":36,"column":17}},{"start":{"line":32,"column":16},"end":{"line":36,"column":17}}],"line":32}},"s":{"0":2,"1":2,"2":2,"3":2,"4":1,"5":1,"6":1,"7":3,"8":3,"9":3,"10":1,"11":2,"12":2,"13":2,"14":1,"15":1,"16":1,"17":1,"18":0,"19":1,"20":1,"21":0},"f":{"0":1,"1":1,"2":3,"3":2,"4":1},"b":{"0":[1,2],"1":[1,1],"2":[1,0]},"_coverageSchema":"332fd63041d2c1bcb487cc26dd0d5f7d97098a6c","hash":"027b0201b277791cfd14d25056f80dec2f18980d"}
,"/Users/surabhigupta/url-shortener/src/solution/routes/index.js": {"path":"/Users/surabhigupta/url-shortener/src/solution/routes/index.js","statementMap":{"0":{"start":{"line":1,"column":12},"end":{"line":1,"column":31}},"1":{"start":{"line":3,"column":0},"end":{"line":3,"column":25}}},"fnMap":{},"branchMap":{},"s":{"0":2,"1":2},"f":{},"b":{},"_coverageSchema":"332fd63041d2c1bcb487cc26dd0d5f7d97098a6c","hash":"ac27702ec0bf9ae03a6260093df20a992849566b"}
}
