TN:
SF:/Users/surabhigupta/url-shortener/models/index.js
FN:20,(anonymous_0)
FN:21,(anonymous_1)
FN:26,(anonymous_2)
FNF:3
FNH:3
FNDA:6,(anonymous_0)
FNDA:3,(anonymous_1)
FNDA:3,(anonymous_2)
DA:3,3
DA:4,3
DA:5,3
DA:7,3
DA:8,3
DA:9,3
DA:10,3
DA:12,3
DA:13,0
DA:15,3
DA:18,3
DA:20,6
DA:22,3
DA:23,3
DA:26,3
DA:27,3
DA:28,0
DA:32,3
DA:33,3
DA:35,3
LF:20
LH:18
BRDA:8,0,0,3
BRDA:8,0,1,0
BRDA:12,1,0,0
BRDA:12,1,1,3
BRDA:20,2,0,6
BRDA:20,2,1,6
BRDA:20,2,2,3
BRDA:27,3,0,0
BRDA:27,3,1,3
BRF:9
BRH:6
end_of_record
TN:
SF:/Users/surabhigupta/url-shortener/models/urls.js
FN:5,(anonymous_0)
FN:14,(anonymous_1)
FN:16,(anonymous_2)
FNF:3
FNH:2
FNDA:3,(anonymous_0)
FNDA:8,(anonymous_1)
FNDA:0,(anonymous_2)
DA:2,3
DA:4,3
DA:5,3
DA:6,3
DA:14,3
DA:15,8
DA:16,3
DA:17,0
DA:18,0
DA:19,0
DA:20,0
DA:21,0
DA:22,0
DA:23,0
DA:24,0
DA:25,0
DA:26,0
DA:28,0
DA:29,0
DA:30,0
DA:31,0
DA:36,0
DA:38,3
LF:23
LH:8
BRDA:24,0,0,0
BRDA:24,0,1,0
BRDA:29,1,0,0
BRDA:29,1,1,0
BRF:4
BRH:0
end_of_record
TN:
SF:/Users/surabhigupta/url-shortener/src/helpers/createShortUrl.js
FN:3,(anonymous_0)
FNF:1
FNH:1
FNDA:5,(anonymous_0)
DA:1,4
DA:3,4
DA:4,5
DA:5,5
DA:6,5
DA:8,4
LF:6
LH:6
BRF:0
BRH:0
end_of_record
TN:
SF:/Users/surabhigupta/url-shortener/src/helpers/generateHash.js
FN:3,(anonymous_0)
FNF:1
FNH:1
FNDA:9,(anonymous_0)
DA:1,4
DA:3,4
DA:4,9
DA:5,9
DA:7,4
LF:5
LH:5
BRF:0
BRH:0
end_of_record
TN:
SF:/Users/surabhigupta/url-shortener/src/lib/createUrlandInsert.js
FN:6,(anonymous_0)
FN:10,(anonymous_1)
FN:19,(anonymous_2)
FN:23,(anonymous_3)
FNF:4
FNH:4
FNDA:5,(anonymous_0)
FNDA:5,(anonymous_1)
FNDA:4,(anonymous_2)
FNDA:4,(anonymous_3)
DA:1,2
DA:2,2
DA:3,2
DA:5,2
DA:6,2
DA:7,5
DA:8,5
DA:9,5
DA:10,5
DA:11,5
DA:12,1
DA:13,1
DA:15,4
DA:19,2
DA:20,4
DA:21,4
DA:22,4
DA:23,4
DA:26,2
LF:19
LH:19
BRDA:11,0,0,1
BRDA:11,0,1,4
BRDA:11,1,0,5
BRDA:11,1,1,1
BRF:4
BRH:4
end_of_record
TN:
SF:/Users/surabhigupta/url-shortener/src/solution/server.js
FN:14,(anonymous_0)
FNF:1
FNH:0
FNDA:0,(anonymous_0)
DA:1,1
DA:3,1
DA:4,1
DA:6,1
DA:11,1
DA:13,1
DA:14,0
DA:15,0
DA:16,0
DA:18,0
DA:21,1
LF:11
LH:7
BRDA:13,0,0,0
BRDA:13,0,1,1
BRDA:15,1,0,0
BRDA:15,1,1,0
BRF:4
BRH:1
end_of_record
TN:
SF:/Users/surabhigupta/url-shortener/src/solution/routes/api.js
FN:53,(anonymous_0)
FN:55,(anonymous_1)
FNF:2
FNH:2
FNDA:1,(anonymous_0)
FNDA:1,(anonymous_1)
DA:1,1
DA:49,1
DA:54,1
DA:55,1
DA:56,1
LF:5
LH:5
BRF:0
BRH:0
end_of_record
TN:
SF:/Users/surabhigupta/url-shortener/src/solution/routes/index.js
FNF:0
FNH:0
DA:1,1
DA:3,1
LF:2
LH:2
BRF:0
BRH:0
end_of_record
